This is pdfTeX, Version 3.141592653-2.6-1.40.22 (TeX Live 2022/dev/Debian) (preloaded format=pdflatex 2023.11.26)  27 FEB 2024 18:31
entering extended mode
 restricted \write18 enabled.
 file:line:error style messages enabled.
 %&-line parsing enabled.
**personal.sty
(./personal.sty
LaTeX2e <2021-11-15> patch level 1
L3 programming layer <2022-01-21>

LaTeX Warning: You have requested package `',
               but the package provides `personal'.

Package: personal 

./personal.sty:4: LaTeX Error: \usepackage before \documentclass.

See the LaTeX manual or LaTeX Companion for explanation.
Type  H <return>  for immediate help.
 ...                                              
                                                  
l.4 \usepackage{
                amsmath}
\usepackage may only appear in the document preamble, i.e.,
between \documentclass and \begin{document}.


./personal.sty:5: LaTeX Error: \usepackage before \documentclass.

See the LaTeX manual or LaTeX Companion for explanation.
Type  H <return>  for immediate help.
 ...                                              
                                                  
l.5 \usepackage{
                xparse}
\usepackage may only appear in the document preamble, i.e.,
between \documentclass and \begin{document}.


./personal.sty:6: LaTeX Error: \usepackage before \documentclass.

See the LaTeX manual or LaTeX Companion for explanation.
Type  H <return>  for immediate help.
 ...                                              
                                                  
l.6 \usepackage{
                mathrsfs}
\usepackage may only appear in the document preamble, i.e.,
between \documentclass and \begin{document}.

./personal.sty:8: Undefined control sequence.
l.8 \DeclareMathOperator
                        {\Dom}{Dom}
The control sequence at the end of the top line
of your error message was never \def'ed. If you have
misspelled it (e.g., `\hobx'), type `I' and the correct
spelling (e.g., `I\hbox'). Otherwise just continue,
and I'll forget about whatever was undefined.

./personal.sty:8: Undefined control sequence.
l.8 \DeclareMathOperator{\Dom
                             }{Dom}
The control sequence at the end of the top line
of your error message was never \def'ed. If you have
misspelled it (e.g., `\hobx'), type `I' and the correct
spelling (e.g., `I\hbox'). Otherwise just continue,
and I'll forget about whatever was undefined.


./personal.sty:8: LaTeX Error: Missing \begin{document}.

See the LaTeX manual or LaTeX Companion for explanation.
Type  H <return>  for immediate help.
 ...                                              
                                                  
l.8 \DeclareMathOperator{\Dom}{D
                                om}
You're in trouble here.  Try typing  <return>  to proceed.
If that doesn't work, type  X <return>  to quit.

Missing character: There is no D in font nullfont!
Missing character: There is no o in font nullfont!
Missing character: There is no m in font nullfont!
./personal.sty:9: Undefined control sequence.
l.9 \DeclareMathOperator
                        {\Ima}{Im}
The control sequence at the end of the top line
of your error message was never \def'ed. If you have
misspelled it (e.g., `\hobx'), type `I' and the correct
spelling (e.g., `I\hbox'). Otherwise just continue,
and I'll forget about whatever was undefined.

./personal.sty:9: Undefined control sequence.
l.9 \DeclareMathOperator{\Ima
                             }{Im}
The control sequence at the end of the top line
of your error message was never \def'ed. If you have
misspelled it (e.g., `\hobx'), type `I' and the correct
spelling (e.g., `I\hbox'). Otherwise just continue,
and I'll forget about whatever was undefined.

Missing character: There is no I in font nullfont!
Missing character: There is no m in font nullfont!
./personal.sty:10: Undefined control sequence.
l.10 \DeclareMathOperator
                         {\inte}{int}
The control sequence at the end of the top line
of your error message was never \def'ed. If you have
misspelled it (e.g., `\hobx'), type `I' and the correct
spelling (e.g., `I\hbox'). Otherwise just continue,
and I'll forget about whatever was undefined.

./personal.sty:10: Undefined control sequence.
l.10 \DeclareMathOperator{\inte
                               }{int}
The control sequence at the end of the top line
of your error message was never \def'ed. If you have
misspelled it (e.g., `\hobx'), type `I' and the correct
spelling (e.g., `I\hbox'). Otherwise just continue,
and I'll forget about whatever was undefined.

Missing character: There is no i in font nullfont!
Missing character: There is no n in font nullfont!
Missing character: There is no t in font nullfont!

Overfull \hbox (20.0pt too wide) in paragraph at lines 8--11
[]
 []

)
! Emergency stop.
<*> personal.sty
                
*** (job aborted, no legal \end found)

 
Here is how much of TeX's memory you used:
 44 strings out of 480185
 535 string characters out of 5894212
 284101 words of memory out of 5000000
 18095 multiletter control sequences out of 15000+600000
 469259 words of font info for 28 fonts, out of 8000000 for 9000
 40 hyphenation exceptions out of 8191
 13i,0n,23p,99b,18s stack positions out of 5000i,500n,10000p,200000b,80000s
!  ==> Fatal error occurred, no output PDF file produced!
